timestamp: 2013-04-03T16:11:16.602878
CREATE TABLE auth_user(
    id SERIAL PRIMARY KEY,
    first_name VARCHAR(128),
    last_name VARCHAR(128),
    email VARCHAR(512),
    password VARCHAR(512),
    registration_key VARCHAR(512),
    reset_password_key VARCHAR(512),
    registration_id VARCHAR(512)
);
success!
timestamp: 2013-04-03T16:11:16.723831
CREATE TABLE auth_group(
    id SERIAL PRIMARY KEY,
    role VARCHAR(512),
    description TEXT
);
success!
timestamp: 2013-04-03T16:11:16.865202
CREATE TABLE auth_membership(
    id SERIAL PRIMARY KEY,
    user_id INTEGER REFERENCES auth_user (id) ON DELETE CASCADE,
    group_id INTEGER REFERENCES auth_group (id) ON DELETE CASCADE
);
success!
timestamp: 2013-04-03T16:11:16.966554
CREATE TABLE auth_permission(
    id SERIAL PRIMARY KEY,
    group_id INTEGER REFERENCES auth_group (id) ON DELETE CASCADE,
    name VARCHAR(512),
    table_name VARCHAR(512),
    record_id INTEGER
);
success!
timestamp: 2013-04-03T16:11:17.091299
CREATE TABLE auth_event(
    id SERIAL PRIMARY KEY,
    time_stamp TIMESTAMP,
    client_ip VARCHAR(512),
    user_id INTEGER REFERENCES auth_user (id) ON DELETE CASCADE,
    origin VARCHAR(512),
    description TEXT
);
success!
timestamp: 2013-04-03T16:11:17.223719
CREATE TABLE auth_cas(
    id SERIAL PRIMARY KEY,
    user_id INTEGER REFERENCES auth_user (id) ON DELETE CASCADE,
    created_on TIMESTAMP,
    service VARCHAR(512),
    ticket VARCHAR(512),
    renew CHAR(1)
);
success!
timestamp: 2013-04-03T16:11:17.337512
CREATE TABLE usuario(
    id SERIAL PRIMARY KEY,
    nome VARCHAR(512) NOT NULL UNIQUE,
    pin VARCHAR(512),
    email VARCHAR(512)
);
success!
timestamp: 2013-04-03T16:11:17.497003
CREATE TABLE meetme(
    confno SERIAL PRIMARY KEY,
    starttime TIMESTAMP,
    endtime TIMESTAMP,
    membros_user TEXT,
    admin_user TEXT,
    gravacao CHAR(1)
);
success!
